<?xml version="1.0" encoding="UTF-8"?>
<!-- Generated by org.testng.reporters.JUnitReportReporter -->
<testsuite skipped="0" hostname="Engineering1-PC" name="exp1.SampleCode" tests="1" failures="0" timestamp="20 Mar 2017 11:12:41 GMT" time="0.016" errors="0">
  <testcase name="start" time="0.016" classname="exp1.SampleCode"/>
</testsuite> <!-- exp1.SampleCode -->
